<?xml version="1.0" encoding="UTF-8"?>
<testsuite xmlns:xsi="http://www.w3.org/2001/XMLSchema-instance" xsi:noNamespaceSchemaLocation="https://maven.apache.org/surefire/maven-surefire-plugin/xsd/surefire-test-report-3.0.xsd" version="3.0" name="psa.api_proyectos.ApiProyectosApplicationTests" time="5.198" tests="1" errors="0" skipped="0" failures="0">
  <properties>
[...]
</properties>
  <testcase name="contextLoads" classname="psa.api_proyectos.ApiProyectosApplicationTests" time="0.532">
    <system-out><![CDATA[18:34:32.140 [main] INFO org.springframework.test.context.support.AnnotationConfigContextLoaderUtils -- Could not detect default configuration classes for test class [psa.api_proyectos.ApiProyectosApplicationTests]: ApiProyectosApplicationTests does not declare any static, non-private, non-final, nested classes annotated with @Configuration.
18:34:32.246 [main] INFO org.springframework.boot.test.context.SpringBootTestContextBootstrapper -- Found @SpringBootConfiguration psa.api_proyectos.ApiProyectosApplication for test class psa.api_proyectos.ApiProyectosApplicationTests

  .   ____          _            __ _ _
 /\\ / ___'_ __ _ _(_)_ __  __ _ \ \ \ \
( ( )\___ | '_ | '_| | '_ \/ _` | \ \ \ \
 \\/  ___)| |_)| | | | | || (_| |  ) ) ) )
  '  |____| .__|_| |_|_| |_\__, | / / / /
 =========|_|==============|___/=/_/_/_/
 :: Spring Boot ::                (v3.1.5)

2023-12-02T18:34:32.581-03:00  INFO 2968 --- [           main] p.a.ApiProyectosApplicationTests         : Starting ApiProyectosApplicationTests using Java 21.0.1 with PID 2968 (started by franco.patiño in C:\Users\franco.patiño\Documents\GitHub\psa_api\api_proyectos\psa_proyectos_api)
2023-12-02T18:34:32.582-03:00  INFO 2968 --- [           main] p.a.ApiProyectosApplicationTests         : No active profile set, falling back to 1 default profile: "default"
2023-12-02T18:34:33.172-03:00  INFO 2968 --- [           main] .s.d.r.c.RepositoryConfigurationDelegate : Bootstrapping Spring Data JPA repositories in DEFAULT mode.
2023-12-02T18:34:33.241-03:00  INFO 2968 --- [           main] .s.d.r.c.RepositoryConfigurationDelegate : Finished Spring Data repository scanning in 63 ms. Found 5 JPA repository interfaces.
2023-12-02T18:34:33.737-03:00  INFO 2968 --- [           main] o.hibernate.jpa.internal.util.LogHelper  : HHH000204: Processing PersistenceUnitInfo [name: default]
2023-12-02T18:34:33.790-03:00  INFO 2968 --- [           main] org.hibernate.Version                    : HHH000412: Hibernate ORM core version 6.2.13.Final
2023-12-02T18:34:33.792-03:00  INFO 2968 --- [           main] org.hibernate.cfg.Environment            : HHH000406: Using bytecode reflection optimizer
2023-12-02T18:34:34.072-03:00  INFO 2968 --- [           main] o.s.o.j.p.SpringPersistenceUnitInfo      : No LoadTimeWeaver setup: ignoring JPA class transformer
2023-12-02T18:34:34.097-03:00  INFO 2968 --- [           main] com.zaxxer.hikari.HikariDataSource       : HikariPool-1 - Starting...
2023-12-02T18:34:34.493-03:00  INFO 2968 --- [           main] com.zaxxer.hikari.pool.HikariPool        : HikariPool-1 - Added connection com.mysql.cj.jdbc.ConnectionImpl@38a96593
2023-12-02T18:34:34.497-03:00  INFO 2968 --- [           main] com.zaxxer.hikari.HikariDataSource       : HikariPool-1 - Start completed.
2023-12-02T18:34:35.395-03:00  INFO 2968 --- [           main] o.h.e.t.j.p.i.JtaPlatformInitiator       : HHH000489: No JTA platform available (set 'hibernate.transaction.jta.platform' to enable JTA platform integration)
2023-12-02T18:34:35.456-03:00  INFO 2968 --- [           main] j.LocalContainerEntityManagerFactoryBean : Initialized JPA EntityManagerFactory for persistence unit 'default'
2023-12-02T18:34:36.159-03:00  WARN 2968 --- [           main] JpaBaseConfiguration$JpaWebConfiguration : spring.jpa.open-in-view is enabled by default. Therefore, database queries may be performed during view rendering. Explicitly configure spring.jpa.open-in-view to disable this warning
2023-12-02T18:34:36.471-03:00  INFO 2968 --- [           main] p.a.ApiProyectosApplicationTests         : Started ApiProyectosApplicationTests in 4.111 seconds (process running for 5.249)
]]></system-out>
    <system-err><![CDATA[WARNING: A Java agent has been loaded dynamically (C:\Users\franco.patiño\.m2\repository\net\bytebuddy\byte-buddy-agent\1.14.9\byte-buddy-agent-1.14.9.jar)
WARNING: If a serviceability tool is in use, please run with -XX:+EnableDynamicAgentLoading to hide this warning
WARNING: If a serviceability tool is not in use, please run with -Djdk.instrument.traceUsage for more information
WARNING: Dynamic loading of agents will be disallowed by default in a future release
]]></system-err>
  </testcase>
</testsuite>